<?xml version="1.0" encoding="UTF-8"?>
<testng-results skipped="0" failed="0" total="1" passed="1">
  <reporter-output>
  </reporter-output>
  <suite name="Default suite" duration-ms="28942" started-at="2017-07-06T18:26:06Z" finished-at="2017-07-06T18:26:35Z">
    <groups>
    </groups>
    <test name="Default test" duration-ms="28942" started-at="2017-07-06T18:26:06Z" finished-at="2017-07-06T18:26:35Z">
      <class name="testcase.KeyboardActions">
        <test-method status="PASS" signature="getbrowser()[pri:0, instance:testcase.KeyboardActions@16c0663d]" name="getbrowser" is-config="true" duration-ms="19977" started-at="2017-07-06T23:56:06Z" finished-at="2017-07-06T23:56:26Z">
          <reporter-output>
          </reporter-output>
        </test-method> <!-- getbrowser -->
        <test-method status="PASS" signature="gettheelement()[pri:0, instance:testcase.KeyboardActions@16c0663d]" name="gettheelement" duration-ms="5700" started-at="2017-07-06T23:56:26Z" finished-at="2017-07-06T23:56:32Z">
          <reporter-output>
          </reporter-output>
        </test-method> <!-- gettheelement -->
        <test-method status="PASS" signature="closebrowser()[pri:0, instance:testcase.KeyboardActions@16c0663d]" name="closebrowser" is-config="true" duration-ms="3204" started-at="2017-07-06T23:56:32Z" finished-at="2017-07-06T23:56:35Z">
          <reporter-output>
          </reporter-output>
        </test-method> <!-- closebrowser -->
      </class> <!-- testcase.KeyboardActions -->
    </test> <!-- Default test -->
  </suite> <!-- Default suite -->
</testng-results>
