<?xml version="1.0" encoding="UTF-8"?>
<testng-results skipped="0" failed="0" total="2" passed="2">
  <reporter-output>
  </reporter-output>
  <suite name="TestSuite" duration-ms="40284" started-at="2017-07-07T15:05:58Z" finished-at="2017-07-07T15:06:39Z">
    <groups>
    </groups>
    <test name="ChromeTest" duration-ms="19964" started-at="2017-07-07T15:05:58Z" finished-at="2017-07-07T15:06:18Z">
      <class name="testcase.CrossBrowserScript">
        <test-method status="PASS" signature="setup(java.lang.String)[pri:0, instance:testcase.CrossBrowserScript@49993335]" name="setup" is-config="true" duration-ms="17039" started-at="2017-07-07T20:35:59Z" finished-at="2017-07-07T20:36:16Z">
          <params>
            <param index="0">
              <value>
                <![CDATA[chrome]]>
              </value>
            </param>
          </params>
          <reporter-output>
          </reporter-output>
        </test-method> <!-- setup -->
        <test-method status="PASS" signature="testParameterWithXML()[pri:0, instance:testcase.CrossBrowserScript@49993335]" name="testParameterWithXML" duration-ms="2864" started-at="2017-07-07T20:36:16Z" finished-at="2017-07-07T20:36:18Z">
          <reporter-output>
          </reporter-output>
        </test-method> <!-- testParameterWithXML -->
      </class> <!-- testcase.CrossBrowserScript -->
    </test> <!-- ChromeTest -->
    <test name="FirefoxTest" duration-ms="40284" started-at="2017-07-07T15:05:58Z" finished-at="2017-07-07T15:06:39Z">
      <class name="testcase.CrossBrowserScript">
        <test-method status="PASS" signature="setup(java.lang.String)[pri:0, instance:testcase.CrossBrowserScript@4fe3c938]" name="setup" is-config="true" duration-ms="35578" started-at="2017-07-07T20:35:59Z" finished-at="2017-07-07T20:36:34Z">
          <params>
            <param index="0">
              <value>
                <![CDATA[Firefox]]>
              </value>
            </param>
          </params>
          <reporter-output>
          </reporter-output>
        </test-method> <!-- setup -->
        <test-method status="PASS" signature="testParameterWithXML()[pri:0, instance:testcase.CrossBrowserScript@4fe3c938]" name="testParameterWithXML" duration-ms="4686" started-at="2017-07-07T20:36:34Z" finished-at="2017-07-07T20:36:39Z">
          <reporter-output>
          </reporter-output>
        </test-method> <!-- testParameterWithXML -->
      </class> <!-- testcase.CrossBrowserScript -->
    </test> <!-- FirefoxTest -->
  </suite> <!-- TestSuite -->
</testng-results>
